----------------------------------------
Begin Torque Prologue on nid25336
at Tue Apr  9 21:50:08 CDT 2019
Job Id:			9808205.bw
Username:		tra324
Group:			TRAIN_bawc
Job name:		GAN_part2
Requested resources:	nodes=1:ppn=16:xk,walltime=10:00:00,neednodes=1:ppn=16:xk
Queue:			normal
Account:		bawc
End Torque Prologue:  0.690 elapsed
----------------------------------------




Files already downloaded and verified
Files already downloaded and verified
0 0 0.17 -1.50 -0.76 1.06 0.23 63.28
0 50 0.11 1.00 1.41 1.00 0.27 64.84
0 100 0.28 1.16 1.31 0.92 0.26 67.19
0 150 0.18 1.23 1.72 1.08 0.48 63.28
0 200 0.16 0.14 0.53 1.19 0.29 57.81
0 250 0.16 0.13 0.52 1.15 0.28 61.72
0 300 0.10 -0.04 0.32 0.95 0.31 69.53
0 350 0.11 0.18 0.70 1.08 0.29 59.38
Testing 64.2998417721519 780.1583845615387
1 0 0.08 -0.06 0.45 0.95 0.26 65.62
1 50 0.10 -1.09 -0.49 0.96 0.20 64.06
1 100 0.11 -0.25 0.27 0.97 0.22 64.06
1 150 0.13 0.05 0.37 0.98 0.31 64.06
1 200 0.10 -0.76 -0.40 1.14 0.24 60.94
1 250 0.20 -0.22 -0.05 1.24 0.35 57.81
1 300 0.25 -1.16 -0.80 0.97 0.29 71.09
1 350 0.16 -0.53 -0.13 0.98 0.19 66.41
Testing 65.82278481012658 1565.4384441375732
2 0 0.13 0.91 1.39 1.04 0.27 67.19
2 50 0.09 -0.14 0.39 1.01 0.28 64.84
2 100 0.12 -0.85 -0.52 0.86 0.22 67.97
2 150 0.12 0.47 0.94 0.94 0.24 63.28
2 200 0.09 0.16 0.43 1.06 0.27 60.16
2 250 0.09 -0.56 -0.41 1.13 0.26 60.94
2 300 0.14 -0.22 0.02 1.01 0.30 67.97
2 350 0.11 -0.47 -0.06 1.09 0.28 64.84
Testing 65.17009493670886 2350.7704775333405
3 0 0.08 -0.44 0.16 0.98 0.24 67.97
3 50 0.09 -1.28 -0.58 1.02 0.25 67.97
3 100 0.15 -0.49 -0.29 0.83 0.25 69.53
3 150 0.12 0.00 0.42 0.98 0.19 68.75
3 200 0.14 -0.66 -0.22 1.02 0.25 63.28
3 250 0.25 0.85 1.20 1.19 0.26 61.72
3 300 0.25 -0.45 -0.02 0.86 0.29 68.75
3 350 0.11 0.22 0.48 1.16 0.28 60.16
Testing 67.51384493670886 3136.482517004013
4 0 0.07 -0.43 0.05 0.86 0.22 75.00
4 50 0.11 -0.99 -0.28 0.89 0.22 69.53
4 100 0.10 -0.74 -0.40 0.89 0.27 67.19
4 150 0.09 -0.96 -0.50 0.89 0.16 70.31
4 200 0.22 -1.22 -0.86 1.10 0.24 63.28
4 250 0.18 -0.55 -0.14 1.11 0.17 60.16
4 300 0.14 -0.69 -0.24 1.00 0.30 65.62
4 350 0.28 -0.03 0.41 1.07 0.27 68.75
Testing 66.75237341772151 3921.982628583908
5 0 0.12 -1.42 -0.92 0.88 0.27 70.31
5 50 0.08 -1.21 -0.53 0.96 0.18 69.53
5 100 0.12 -1.65 -1.43 0.78 0.15 70.31
5 150 0.08 -0.46 0.05 0.87 0.18 69.53
5 200 0.12 -0.47 0.06 1.02 0.22 65.62
5 250 0.18 -0.46 0.10 1.11 0.21 61.72
5 300 0.17 -1.93 -1.50 0.89 0.24 71.88
5 350 0.21 -0.86 -0.48 1.09 0.16 63.28
Testing 69.37302215189874 4707.5625376701355
6 0 0.11 -1.37 -0.92 0.84 0.20 71.09
6 50 0.09 -2.16 -1.62 0.92 0.25 68.75
6 100 0.11 -1.22 -1.08 0.88 0.20 65.62
6 150 0.09 -0.25 0.18 0.87 0.21 70.31
6 200 0.13 -1.02 -0.56 1.05 0.31 59.38
6 250 0.15 0.08 0.45 1.15 0.16 63.28
6 300 0.08 -0.83 -0.49 0.81 0.29 74.22
6 350 0.17 0.25 0.44 1.04 0.30 64.06
Testing 67.95886075949367 5493.042652130127
7 0 0.08 -0.10 0.47 0.83 0.17 71.09
7 50 0.17 -1.34 -0.77 0.88 0.23 70.31
7 100 0.11 -0.88 -0.42 0.83 0.21 67.97
7 150 0.12 -1.51 -1.07 0.84 0.20 68.75
7 200 0.09 -1.14 -0.94 0.93 0.20 69.53
7 250 0.22 -0.99 -0.53 1.09 0.20 66.41
7 300 0.15 -0.47 0.01 0.92 0.19 69.53
7 350 0.11 -0.28 0.15 0.95 0.20 67.97
Testing 67.1875 6278.506573915482
8 0 0.10 0.07 0.53 0.87 0.22 71.09
8 50 0.07 -0.37 0.21 0.89 0.21 69.53
8 100 0.16 -1.15 -0.78 0.77 0.29 71.09
8 150 0.10 -0.75 -0.25 0.79 0.21 70.31
8 200 0.12 -0.76 -0.57 0.89 0.16 71.88
8 250 0.17 -0.74 -0.35 1.15 0.19 61.72
8 300 0.09 -1.39 -0.89 0.86 0.23 65.62
8 350 0.09 -0.92 -0.59 1.03 0.32 66.41
Testing 67.85007911392405 7083.274533510208
9 0 0.08 0.48 0.94 1.01 0.18 68.75
9 50 0.21 -0.10 0.54 0.82 0.22 73.44
9 100 0.09 -0.97 -0.68 0.78 0.23 68.75
9 150 0.08 -0.94 -0.53 0.83 0.21 66.41
9 200 0.08 -1.18 -0.79 1.01 0.24 60.16
9 250 0.19 -0.73 0.00 0.96 0.19 67.19
9 300 0.10 -1.78 -1.27 0.80 0.17 70.31
9 350 0.22 -0.13 0.40 1.05 0.21 67.97
Testing 70.16416139240506 7873.418527603149
10 0 0.09 -0.59 -0.13 0.85 0.18 71.88
10 50 0.14 -0.12 0.55 0.82 0.18 71.88
10 100 0.09 -1.12 -0.63 0.76 0.17 68.75
10 150 0.10 0.41 0.80 0.93 0.22 67.19
10 200 0.13 -0.95 -0.74 0.93 0.26 65.62
10 250 0.11 -0.50 -0.21 0.99 0.26 65.62
10 300 0.10 -0.43 -0.06 0.79 0.16 71.88
10 350 0.11 -0.68 -0.34 1.06 0.25 66.41
Testing 70.36194620253164 8659.29872918129
11 0 0.08 -0.03 0.48 0.75 0.21 73.44
11 50 0.18 -0.67 0.01 0.88 0.21 69.53
11 100 0.09 -1.50 -1.26 0.66 0.15 71.88
11 150 0.14 -0.36 -0.04 0.87 0.15 74.22
11 200 0.12 -1.49 -1.00 0.99 0.14 70.31
11 250 0.21 -1.32 -0.95 1.00 0.19 68.75
11 300 0.09 -0.67 -0.31 0.90 0.20 71.09
11 350 0.08 -0.87 -0.55 1.00 0.20 67.97
Testing 70.76740506329114 9445.454763650894
12 0 0.09 -0.83 -0.42 0.74 0.16 74.22
12 50 0.12 -0.88 -0.32 0.81 0.14 77.34
