----------------------------------------
Begin Torque Prologue on nid25429
at Wed Apr 10 00:20:59 CDT 2019
Job Id:			9808380.bw
Username:		tra324
Group:			TRAIN_bawc
Job name:		perturb
Requested resources:	nodes=1:ppn=16:xk,walltime=01:00:00,neednodes=1:ppn=16:xk
Queue:			normal
Account:		bawc
End Torque Prologue:  0.136 elapsed
----------------------------------------




90.625
16.40625
0 10.0 tensor([ -0.6781, -13.3078,  -5.8031,   2.4869,  -3.0699,  -0.7105,   0.9907,
         -7.4549,   3.5795,  -7.3212], device='cuda:0', grad_fn=<NegBackward>)
1 30.0 tensor([-5.2513, -8.0123,  1.9870,  5.4248,  4.6308, -9.1551,  8.6656, -6.3870,
        -1.2776, -5.6283], device='cuda:0', grad_fn=<NegBackward>)
2 60.0 tensor([ 0.3352, -1.5633, 10.2240,  7.1907, 10.1179,  0.8126, 17.5708,  4.9921,
        10.0471, -2.0178], device='cuda:0', grad_fn=<NegBackward>)
3 80.0 tensor([ 2.1696, 10.4410, 22.1970, 11.1968, 23.2716, 12.5211, 28.7743, 17.6085,
        18.3179,  1.5086], device='cuda:0', grad_fn=<NegBackward>)
4 100.0 tensor([14.7078, 19.4874, 28.6462, 17.7863, 28.1893, 26.5836, 30.8643, 25.7961,
        25.6936,  6.3489], device='cuda:0', grad_fn=<NegBackward>)
5 100.0 tensor([22.3168, 22.9213, 32.2483, 22.3082, 30.3826, 29.3208, 31.8720, 28.2015,
        28.1057,  9.6117], device='cuda:0', grad_fn=<NegBackward>)
6 100.0 tensor([25.3786, 23.3390, 34.9031, 25.5255, 31.2326, 31.7025, 33.9933, 30.7397,
        28.8768, 13.8505], device='cuda:0', grad_fn=<NegBackward>)
7 100.0 tensor([27.2164, 27.0502, 35.0262, 28.0069, 33.0883, 31.3711, 35.5203, 34.1084,
        29.0056, 18.4194], device='cuda:0', grad_fn=<NegBackward>)
8 100.0 tensor([29.9409, 29.5832, 35.4180, 28.6194, 33.9701, 35.1995, 35.5187, 34.8138,
        32.2745, 21.7599], device='cuda:0', grad_fn=<NegBackward>)
9 100.0 tensor([31.5617, 31.5402, 35.1921, 29.7387, 34.7102, 35.7695, 36.4617, 34.4460,
        33.3301, 22.7062], device='cuda:0', grad_fn=<NegBackward>)
10 100.0 tensor([33.1870, 31.8792, 38.3077, 31.6774, 34.4805, 36.7799, 37.5255, 37.7292,
        33.9315, 22.9778], device='cuda:0', grad_fn=<NegBackward>)
11 100.0 tensor([33.3977, 32.0456, 39.5281, 32.3984, 35.4988, 36.2054, 39.5928, 38.0198,
        33.6820, 25.6971], device='cuda:0', grad_fn=<NegBackward>)
12 100.0 tensor([33.4733, 32.6573, 39.9009, 33.1199, 36.5498, 37.9252, 40.2238, 38.3903,
        36.2870, 26.2098], device='cuda:0', grad_fn=<NegBackward>)
13 100.0 tensor([33.8165, 33.7857, 39.5024, 33.3823, 37.1875, 38.2494, 40.8101, 37.8251,
        36.8860, 28.3137], device='cuda:0', grad_fn=<NegBackward>)
14 100.0 tensor([33.1465, 33.6729, 39.4422, 33.4324, 37.1361, 37.3664, 40.8485, 40.8303,
        37.6830, 29.0175], device='cuda:0', grad_fn=<NegBackward>)
15 100.0 tensor([33.1015, 34.8224, 41.1447, 33.0446, 37.4340, 38.6539, 40.7169, 41.9302,
        37.3414, 29.8808], device='cuda:0', grad_fn=<NegBackward>)
16 100.0 tensor([34.9335, 35.1489, 42.0145, 34.1420, 37.7001, 38.4539, 40.9760, 41.3251,
        35.8276, 27.0709], device='cuda:0', grad_fn=<NegBackward>)
17 100.0 tensor([35.4073, 35.8524, 41.6203, 33.7438, 38.0193, 38.0687, 41.5593, 40.2321,
        37.5191, 28.6814], device='cuda:0', grad_fn=<NegBackward>)
18 100.0 tensor([36.8732, 36.5613, 41.3617, 33.9737, 37.8865, 39.0528, 41.7408, 42.3686,
        37.8237, 30.1443], device='cuda:0', grad_fn=<NegBackward>)
19 100.0 tensor([36.4136, 36.5910, 42.1309, 34.5481, 38.7502, 39.1971, 41.8694, 43.6763,
        37.6788, 29.7844], device='cuda:0', grad_fn=<NegBackward>)
20 100.0 tensor([36.7877, 36.4163, 43.2348, 34.8707, 39.0962, 39.0291, 42.7167, 42.0852,
        36.4099, 31.8227], device='cuda:0', grad_fn=<NegBackward>)
21 100.0 tensor([37.3934, 35.8891, 43.3773, 34.4086, 39.6995, 38.7255, 41.9679, 41.0885,
        33.0350, 31.2463], device='cuda:0', grad_fn=<NegBackward>)
22 100.0 tensor([37.4197, 37.2452, 43.2376, 33.8748, 39.0219, 39.8755, 42.7069, 44.4199,
        36.7788, 32.9034], device='cuda:0', grad_fn=<NegBackward>)
23 100.0 tensor([37.7127, 36.9416, 43.0506, 35.0935, 38.7769, 39.3839, 43.2853, 45.5820,
        38.5666, 32.9121], device='cuda:0', grad_fn=<NegBackward>)
24 100.0 tensor([37.9840, 37.3505, 43.6376, 36.1229, 38.2002, 39.9909, 43.6526, 44.6080,
        39.1161, 33.6065], device='cuda:0', grad_fn=<NegBackward>)
25 100.0 tensor([38.5082, 36.9666, 44.2454, 35.7224, 39.7838, 40.1172, 41.8747, 43.2265,
        38.1843, 33.4737], device='cuda:0', grad_fn=<NegBackward>)
26 100.0 tensor([38.2539, 37.0861, 44.3840, 35.5179, 39.8013, 40.4172, 44.4046, 43.0899,
        38.2413, 34.6145], device='cuda:0', grad_fn=<NegBackward>)
27 100.0 tensor([37.3455, 38.0716, 44.1110, 35.2588, 40.0982, 40.8879, 42.9250, 43.5776,
        39.0032, 34.4323], device='cuda:0', grad_fn=<NegBackward>)
28 100.0 tensor([36.5750, 38.0409, 43.3891, 36.0852, 39.0769, 41.1307, 45.5575, 44.7495,
        38.0314, 34.2516], device='cuda:0', grad_fn=<NegBackward>)
29 100.0 tensor([37.9651, 37.9654, 44.5137, 35.6729, 38.9255, 40.8397, 45.4619, 45.5464,
        37.8677, 35.1462], device='cuda:0', grad_fn=<NegBackward>)
30 100.0 tensor([38.4144, 38.8393, 43.8661, 35.4024, 38.9683, 40.7272, 45.9850, 45.5366,
        38.9190, 34.9435], device='cuda:0', grad_fn=<NegBackward>)
31 100.0 tensor([39.1400, 38.3593, 44.2182, 36.1877, 39.6455, 41.0243, 45.2705, 44.5364,
        39.0258, 34.9743], device='cuda:0', grad_fn=<NegBackward>)
32 100.0 tensor([37.2194, 38.9772, 44.6561, 36.6708, 40.0123, 40.4731, 45.7480, 45.8474,
        39.6489, 35.3804], device='cuda:0', grad_fn=<NegBackward>)
33 100.0 tensor([38.0617, 38.4573, 43.8873, 36.0407, 40.3200, 41.1783, 44.4453, 45.6592,
        39.6682, 33.3756], device='cuda:0', grad_fn=<NegBackward>)
34 100.0 tensor([40.1625, 39.4414, 43.9668, 35.6828, 40.7117, 41.5653, 46.1086, 45.7465,
        38.9390, 35.8253], device='cuda:0', grad_fn=<NegBackward>)
35 100.0 tensor([40.0238, 39.7790, 43.6633, 37.2853, 40.5959, 41.1599, 45.0373, 45.4019,
        38.6539, 36.0593], device='cuda:0', grad_fn=<NegBackward>)
36 100.0 tensor([39.5128, 39.8775, 45.9569, 36.9422, 40.6282, 41.0329, 46.4530, 46.2863,
        39.3556, 36.9910], device='cuda:0', grad_fn=<NegBackward>)
37 100.0 tensor([40.2222, 39.0875, 46.5830, 36.1064, 40.1779, 41.8190, 44.8794, 45.0237,
        40.1705, 36.8832], device='cuda:0', grad_fn=<NegBackward>)
38 100.0 tensor([40.8708, 39.4772, 46.5450, 37.3831, 41.5362, 41.5657, 46.2990, 44.8444,
        41.4276, 36.3014], device='cuda:0', grad_fn=<NegBackward>)
39 100.0 tensor([40.5132, 37.3282, 46.2239, 37.3716, 41.6560, 40.8140, 44.9772, 45.6785,
        40.8150, 36.9958], device='cuda:0', grad_fn=<NegBackward>)
40 100.0 tensor([40.7558, 38.4896, 45.6451, 37.0098, 41.2160, 41.2833, 46.8542, 46.5746,
        39.9690, 35.9539], device='cuda:0', grad_fn=<NegBackward>)
41 100.0 tensor([39.2789, 39.9833, 45.8981, 37.0491, 40.8637, 41.9966, 46.7246, 47.3493,
        37.5450, 36.4886], device='cuda:0', grad_fn=<NegBackward>)
42 100.0 tensor([40.2890, 39.9410, 45.8997, 36.8499, 40.1430, 41.4489, 46.9020, 46.9978,
        41.0523, 35.5634], device='cuda:0', grad_fn=<NegBackward>)
43 100.0 tensor([40.5583, 40.2851, 45.3749, 37.2128, 40.7491, 41.6277, 46.6750, 45.8203,
        41.4334, 37.1410], device='cuda:0', grad_fn=<NegBackward>)
44 100.0 tensor([40.9328, 40.5896, 45.3017, 37.4749, 40.4384, 40.3803, 46.8649, 47.0827,
        40.7637, 37.0384], device='cuda:0', grad_fn=<NegBackward>)
45 100.0 tensor([41.7519, 39.2540, 46.5610, 37.3437, 41.0552, 42.1907, 46.1620, 46.7006,
        41.5649, 37.6285], device='cuda:0', grad_fn=<NegBackward>)
46 100.0 tensor([41.4729, 40.8123, 45.9216, 37.8434, 40.9129, 42.0374, 47.2578, 47.5703,
        40.4939, 37.4089], device='cuda:0', grad_fn=<NegBackward>)
47 100.0 tensor([41.2814, 41.0242, 46.6071, 37.5219, 40.8389, 41.9788, 46.6336, 46.2615,
        42.0038, 37.6250], device='cuda:0', grad_fn=<NegBackward>)
48 100.0 tensor([40.7276, 41.0692, 46.7916, 38.4847, 41.3238, 40.5563, 47.3029, 47.6337,
        41.5074, 37.9104], device='cuda:0', grad_fn=<NegBackward>)
49 100.0 tensor([42.3983, 40.0064, 46.5898, 38.6505, 41.2273, 41.9088, 46.9450, 46.8623,
        40.0901, 36.5890], device='cuda:0', grad_fn=<NegBackward>)
50 100.0 tensor([41.8515, 41.0944, 47.2985, 37.9810, 42.1475, 42.0391, 47.2430, 47.6694,
        41.5688, 36.2863], device='cuda:0', grad_fn=<NegBackward>)
51 100.0 tensor([41.9357, 41.3225, 47.5416, 38.0908, 42.0943, 41.7967, 46.6451, 47.6085,
        41.6579, 37.6875], device='cuda:0', grad_fn=<NegBackward>)
52 100.0 tensor([40.7795, 40.5759, 47.8729, 37.3823, 42.6557, 42.5354, 47.8905, 48.3119,
        41.9986, 39.0041], device='cuda:0', grad_fn=<NegBackward>)
53 100.0 tensor([42.2054, 40.6031, 47.9429, 38.0090, 42.3096, 42.3739, 47.3579, 48.4381,
        42.1398, 38.7358], device='cuda:0', grad_fn=<NegBackward>)
54 100.0 tensor([42.2169, 41.0477, 46.9716, 37.3375, 42.7129, 42.6830, 47.5369, 48.0873,
        41.0656, 38.6518], device='cuda:0', grad_fn=<NegBackward>)
55 100.0 tensor([42.5853, 40.9617, 47.2627, 38.1715, 42.2264, 41.6536, 46.9039, 48.0502,
        42.4215, 38.6992], device='cuda:0', grad_fn=<NegBackward>)
56 100.0 tensor([42.4673, 41.1797, 46.8563, 37.6464, 41.9835, 42.6412, 47.7313, 46.6328,
        42.4299, 37.2150], device='cuda:0', grad_fn=<NegBackward>)
57 100.0 tensor([41.9624, 40.7759, 47.5857, 37.6805, 42.3164, 42.0525, 46.8866, 47.3001,
        42.9287, 38.6124], device='cuda:0', grad_fn=<NegBackward>)
58 100.0 tensor([40.8676, 40.1675, 46.7295, 35.9204, 42.0684, 43.1627, 47.1283, 48.5131,
        42.1750, 39.1395], device='cuda:0', grad_fn=<NegBackward>)
59 100.0 tensor([40.9203, 41.9850, 47.6788, 37.2040, 42.0195, 42.8782, 45.0028, 48.3220,
        43.0657, 38.7095], device='cuda:0', grad_fn=<NegBackward>)
60 100.0 tensor([41.9426, 41.7578, 48.0592, 37.9298, 41.7326, 42.0917, 47.3078, 47.3986,
        41.7927, 37.9500], device='cuda:0', grad_fn=<NegBackward>)
61 100.0 tensor([42.2935, 40.6507, 48.0976, 38.0507, 42.4733, 43.0081, 47.8070, 46.5505,
        40.7271, 39.5498], device='cuda:0', grad_fn=<NegBackward>)
62 100.0 tensor([42.6411, 41.7494, 47.7638, 38.6498, 42.9691, 43.1169, 48.5197, 48.2932,
        41.0784, 39.7758], device='cuda:0', grad_fn=<NegBackward>)
63 100.0 tensor([42.3674, 41.4239, 47.4865, 36.6119, 42.1237, 42.0073, 48.7385, 48.3218,
        41.8132, 39.6028], device='cuda:0', grad_fn=<NegBackward>)
64 100.0 tensor([42.5120, 41.6998, 46.3178, 37.6157, 43.1072, 42.5754, 48.6371, 48.0718,
        42.6779, 38.9987], device='cuda:0', grad_fn=<NegBackward>)
65 100.0 tensor([41.7920, 42.1846, 47.2279, 38.4153, 42.4018, 42.1521, 48.4239, 48.2060,
        42.7543, 38.1082], device='cuda:0', grad_fn=<NegBackward>)
66 100.0 tensor([40.4045, 42.1892, 47.6781, 38.7120, 41.8504, 42.2388, 48.2880, 48.7593,
        42.3605, 37.4181], device='cuda:0', grad_fn=<NegBackward>)
67 100.0 tensor([41.0678, 41.9092, 47.3661, 38.7341, 40.5899, 42.9207, 47.7775, 49.2205,
        42.6378, 39.0268], device='cuda:0', grad_fn=<NegBackward>)
68 100.0 tensor([42.4019, 41.9348, 47.7306, 39.0317, 42.4559, 42.0879, 48.3490, 49.3183,
        42.9528, 39.8902], device='cuda:0', grad_fn=<NegBackward>)
69 100.0 tensor([42.0410, 42.8576, 48.0928, 38.4588, 43.3663, 43.0463, 47.9792, 49.3796,
        43.1511, 39.7072], device='cuda:0', grad_fn=<NegBackward>)
70 100.0 tensor([41.9185, 42.4436, 48.0509, 39.7557, 43.3681, 43.0939, 47.9690, 49.1554,
        42.7738, 39.9945], device='cuda:0', grad_fn=<NegBackward>)
71 100.0 tensor([43.2287, 42.7539, 48.4371, 39.4799, 43.4096, 42.9099, 48.3381, 47.5775,
        42.0235, 40.3355], device='cuda:0', grad_fn=<NegBackward>)
72 100.0 tensor([43.3287, 42.2141, 48.1680, 39.1001, 43.3063, 42.1721, 48.5126, 48.2564,
        42.3736, 39.6455], device='cuda:0', grad_fn=<NegBackward>)
73 100.0 tensor([43.6385, 42.6876, 48.5572, 39.3525, 43.1620, 42.9909, 48.5231, 47.8580,
        41.7573, 40.1301], device='cuda:0', grad_fn=<NegBackward>)
74 100.0 tensor([43.3804, 42.0342, 48.5812, 39.4957, 43.1355, 43.2935, 47.7943, 47.7591,
        43.2834, 40.1243], device='cuda:0', grad_fn=<NegBackward>)
75 100.0 tensor([43.4655, 42.2248, 48.7340, 38.5566, 43.6304, 42.7513, 48.4525, 49.2259,
        43.0383, 39.5356], device='cuda:0', grad_fn=<NegBackward>)
76 100.0 tensor([43.1089, 41.7887, 48.1261, 38.4159, 43.7601, 42.3219, 48.3526, 48.9223,
        42.9251, 37.5835], device='cuda:0', grad_fn=<NegBackward>)
77 100.0 tensor([43.6446, 41.7066, 48.9665, 37.9932, 43.5566, 43.2771, 48.0565, 49.5190,
        42.3640, 39.1378], device='cuda:0', grad_fn=<NegBackward>)
78 100.0 tensor([43.1858, 42.0747, 48.7865, 38.8772, 42.3438, 43.1117, 48.2023, 48.2975,
        43.4882, 39.8681], device='cuda:0', grad_fn=<NegBackward>)
79 100.0 tensor([44.1837, 43.1990, 49.1995, 39.2855, 42.8660, 43.2781, 48.7517, 48.1372,
        43.3164, 40.2331], device='cuda:0', grad_fn=<NegBackward>)
80 100.0 tensor([42.8814, 42.2460, 49.2839, 39.4131, 42.4589, 43.0345, 48.4172, 48.1852,
        43.4888, 40.1464], device='cuda:0', grad_fn=<NegBackward>)
81 100.0 tensor([43.3243, 42.4188, 48.9237, 39.9968, 43.3148, 42.9066, 48.4510, 49.2138,
        43.0198, 39.7679], device='cuda:0', grad_fn=<NegBackward>)
82 100.0 tensor([43.5848, 42.5387, 48.3091, 39.6614, 43.2153, 42.9654, 48.9031, 49.3205,
        42.8747, 39.3752], device='cuda:0', grad_fn=<NegBackward>)
83 100.0 tensor([43.6987, 42.4312, 48.9020, 40.2249, 43.1065, 43.2651, 49.3095, 49.7629,
        41.7912, 39.8646], device='cuda:0', grad_fn=<NegBackward>)
84 100.0 tensor([43.9717, 42.3271, 48.7914, 40.2145, 43.0422, 43.3487, 48.8338, 48.9611,
        43.4913, 38.0898], device='cuda:0', grad_fn=<NegBackward>)
85 100.0 tensor([43.9663, 42.2950, 48.3514, 40.2336, 44.0917, 42.7754, 48.8911, 49.3654,
        42.5181, 39.2660], device='cuda:0', grad_fn=<NegBackward>)
86 100.0 tensor([43.0498, 42.8466, 48.0690, 39.7760, 44.3553, 43.3669, 48.4005, 49.6182,
        43.9676, 40.5708], device='cuda:0', grad_fn=<NegBackward>)
87 100.0 tensor([43.4486, 42.6944, 47.1018, 37.7162, 44.1289, 43.4325, 48.7772, 49.7356,
        42.6600, 40.6360], device='cuda:0', grad_fn=<NegBackward>)
88 100.0 tensor([43.3082, 42.2798, 47.4710, 39.7673, 44.0772, 43.1947, 48.1921, 49.7221,
        43.6458, 40.5946], device='cuda:0', grad_fn=<NegBackward>)
89 100.0 tensor([43.4812, 42.9602, 48.4481, 39.3745, 43.7992, 43.6474, 48.3633, 48.8021,
        42.3900, 39.8474], device='cuda:0', grad_fn=<NegBackward>)
90 100.0 tensor([42.4409, 43.0953, 48.3960, 39.9350, 43.2509, 42.8091, 47.7354, 48.3366,
        43.2281, 39.8901], device='cuda:0', grad_fn=<NegBackward>)
91 100.0 tensor([42.7164, 43.0053, 48.7879, 38.6476, 44.1532, 44.0347, 48.8316, 49.9851,
        42.9625, 40.2816], device='cuda:0', grad_fn=<NegBackward>)
92 100.0 tensor([42.7594, 42.1578, 48.7990, 39.5121, 44.2291, 44.0496, 48.6644, 49.9281,
        43.7351, 40.5544], device='cuda:0', grad_fn=<NegBackward>)
93 100.0 tensor([44.0906, 43.5637, 49.2261, 39.0540, 43.4756, 44.1578, 49.6268, 50.2136,
        41.6923, 40.5038], device='cuda:0', grad_fn=<NegBackward>)
94 100.0 tensor([43.9085, 43.0934, 49.3261, 40.6547, 43.9303, 43.2018, 49.2013, 49.6445,
        44.3687, 40.1745], device='cuda:0', grad_fn=<NegBackward>)
95 100.0 tensor([44.5661, 43.1888, 48.8773, 40.3798, 43.7885, 44.1483, 49.1074, 49.8405,
        44.3233, 39.5183], device='cuda:0', grad_fn=<NegBackward>)
96 100.0 tensor([44.5914, 42.9855, 49.2050, 39.2905, 44.0924, 43.6599, 49.0603, 49.8651,
        43.3811, 40.5780], device='cuda:0', grad_fn=<NegBackward>)
97 100.0 tensor([44.7611, 41.9833, 48.3393, 37.8602, 43.8972, 43.2482, 49.1553, 50.0656,
        42.6275, 41.2305], device='cuda:0', grad_fn=<NegBackward>)
98 100.0 tensor([44.3050, 43.6980, 48.8955, 38.6169, 42.8177, 43.5352, 48.2276, 49.6627,
        43.6217, 41.4571], device='cuda:0', grad_fn=<NegBackward>)
99 100.0 tensor([44.4733, 44.0897, 49.0992, 40.0813, 43.5245, 44.2099, 49.6570, 48.6171,
        42.5656, 41.0583], device='cuda:0', grad_fn=<NegBackward>)
100 100.0 tensor([43.4457, 43.0716, 49.7563, 40.4752, 42.9430, 44.0138, 49.6909, 49.8364,
        43.5582, 41.6098], device='cuda:0', grad_fn=<NegBackward>)
101 100.0 tensor([43.7207, 42.5723, 49.4023, 40.6009, 42.7992, 43.4093, 49.9136, 50.4400,
        43.7136, 40.6623], device='cuda:0', grad_fn=<NegBackward>)
102 100.0 tensor([44.3616, 42.1919, 50.0471, 39.7343, 44.1762, 43.5363, 49.5351, 50.1341,
        43.9057, 40.7508], device='cuda:0', grad_fn=<NegBackward>)
103 100.0 tensor([43.9580, 42.2881, 49.6343, 39.3516, 44.3013, 43.8556, 50.0551, 50.2913,
        43.0653, 40.9043], device='cuda:0', grad_fn=<NegBackward>)
104 100.0 tensor([44.6842, 42.8748, 49.5159, 39.7711, 43.7214, 43.8875, 49.6898, 49.6339,
        44.0672, 41.1687], device='cuda:0', grad_fn=<NegBackward>)
105 100.0 tensor([43.6041, 43.1041, 49.7725, 39.6987, 44.2431, 43.9913, 49.6908, 49.4127,
        43.3408, 40.3754], device='cuda:0', grad_fn=<NegBackward>)
106 100.0 tensor([44.6894, 43.5113, 49.3808, 40.5124, 44.6897, 43.9724, 49.3069, 49.4232,
        44.3481, 39.9759], device='cuda:0', grad_fn=<NegBackward>)
107 100.0 tensor([43.2345, 43.3891, 49.9997, 40.2746, 44.8268, 43.6638, 48.8493, 50.4424,
        43.1192, 40.2741], device='cuda:0', grad_fn=<NegBackward>)
108 100.0 tensor([44.3154, 43.5169, 49.8105, 40.7835, 44.6345, 44.0275, 49.7337, 50.1485,
        44.3323, 41.5114], device='cuda:0', grad_fn=<NegBackward>)
109 100.0 tensor([43.6484, 43.8928, 49.8766, 40.4582, 44.0262, 43.8872, 50.2196, 49.4328,
        43.7601, 41.0365], device='cuda:0', grad_fn=<NegBackward>)
110 100.0 tensor([44.6387, 43.2070, 49.2398, 40.7275, 43.0304, 43.9495, 49.5734, 48.4841,
        44.4811, 41.7027], device='cuda:0', grad_fn=<NegBackward>)
111 100.0 tensor([44.5139, 43.4160, 50.0000, 39.4541, 44.4822, 43.4345, 49.9010, 50.5412,
        43.0184, 41.0605], device='cuda:0', grad_fn=<NegBackward>)
112 100.0 tensor([44.4564, 43.5492, 50.0789, 40.7412, 44.4643, 44.2526, 49.8629, 51.0087,
        44.4624, 41.8429], device='cuda:0', grad_fn=<NegBackward>)
113 100.0 tensor([44.1167, 42.9353, 49.5290, 39.1135, 44.0113, 43.8335, 49.7203, 50.4491,
        44.7908, 41.9433], device='cuda:0', grad_fn=<NegBackward>)
114 100.0 tensor([45.0185, 42.8488, 49.2763, 41.2053, 44.6747, 43.7386, 49.3369, 49.8910,
        44.7538, 41.6486], device='cuda:0', grad_fn=<NegBackward>)
115 100.0 tensor([44.4719, 43.2893, 49.7115, 40.1363, 44.5517, 43.9255, 49.6352, 50.9219,
        44.2796, 41.5540], device='cuda:0', grad_fn=<NegBackward>)
116 100.0 tensor([45.1680, 42.6847, 49.3109, 39.6190, 44.0985, 44.2987, 49.6430, 50.1438,
        44.2308, 41.5567], device='cuda:0', grad_fn=<NegBackward>)
117 100.0 tensor([45.0750, 43.5309, 49.5402, 38.9024, 43.7145, 44.2749, 49.6766, 49.8450,
        43.6404, 41.7191], device='cuda:0', grad_fn=<NegBackward>)
118 100.0 tensor([45.1532, 43.6219, 49.6271, 40.3696, 44.4554, 44.4164, 49.3790, 49.7576,
        43.4495, 41.1323], device='cuda:0', grad_fn=<NegBackward>)
119 100.0 tensor([44.8758, 42.7188, 49.5679, 40.7845, 44.6423, 44.0677, 49.8827, 50.3026,
        43.7461, 40.9940], device='cuda:0', grad_fn=<NegBackward>)
120 100.0 tensor([44.8265, 44.2440, 49.5337, 39.9051, 44.5993, 44.4521, 49.0948, 51.5094,
        43.7924, 41.0440], device='cuda:0', grad_fn=<NegBackward>)
121 100.0 tensor([44.7849, 44.4738, 48.5484, 40.7735, 44.3165, 43.8733, 49.6532, 51.9340,
        43.5861, 40.9234], device='cuda:0', grad_fn=<NegBackward>)
122 100.0 tensor([44.8684, 44.1378, 49.5759, 40.3172, 44.5036, 44.1174, 50.2577, 50.9974,
        43.7184, 41.3493], device='cuda:0', grad_fn=<NegBackward>)
123 100.0 tensor([44.6363, 44.2574, 48.5850, 40.4591, 44.9590, 44.1671, 50.5804, 50.5754,
        43.7508, 41.4667], device='cuda:0', grad_fn=<NegBackward>)
124 100.0 tensor([44.1592, 44.3720, 49.4186, 40.6075, 44.9178, 44.2069, 50.3038, 51.5696,
        43.5990, 41.7890], device='cuda:0', grad_fn=<NegBackward>)
125 100.0 tensor([43.7589, 44.1182, 49.9653, 40.6485, 44.3021, 44.1822, 50.0885, 51.3501,
        43.5498, 41.0274], device='cuda:0', grad_fn=<NegBackward>)
126 100.0 tensor([43.2416, 43.7887, 49.8870, 40.7200, 44.1766, 44.3607, 49.9878, 50.4212,
        45.0770, 41.6091], device='cuda:0', grad_fn=<NegBackward>)
127 100.0 tensor([44.3404, 44.2548, 50.3189, 40.4275, 45.1078, 44.3259, 50.1841, 49.8722,
        44.8278, 41.5097], device='cuda:0', grad_fn=<NegBackward>)
128 100.0 tensor([43.6524, 43.4873, 50.1278, 40.9911, 44.9995, 44.7203, 49.7860, 51.2397,
        44.1707, 41.2755], device='cuda:0', grad_fn=<NegBackward>)
129 100.0 tensor([43.0724, 43.9891, 50.3877, 40.8581, 44.5742, 44.8647, 49.6296, 51.1617,
        43.0471, 40.1533], device='cuda:0', grad_fn=<NegBackward>)
130 100.0 tensor([44.7714, 43.4712, 49.8965, 40.5563, 44.3780, 44.0315, 49.8708, 51.5322,
        44.8222, 41.8341], device='cuda:0', grad_fn=<NegBackward>)
131 100.0 tensor([44.5787, 43.9601, 50.1917, 41.1844, 44.5358, 44.6199, 49.7445, 51.2728,
        44.2268, 42.0544], device='cuda:0', grad_fn=<NegBackward>)
132 100.0 tensor([44.9291, 43.4962, 49.9254, 40.3462, 44.4534, 44.1637, 49.1878, 51.1532,
        44.9177, 42.0151], device='cuda:0', grad_fn=<NegBackward>)
133 100.0 tensor([45.3081, 43.8636, 49.7995, 41.2803, 44.8708, 44.5860, 49.8553, 50.9712,
        43.9999, 41.8561], device='cuda:0', grad_fn=<NegBackward>)
134 100.0 tensor([44.6948, 44.4007, 50.2770, 40.4097, 44.3511, 43.9566, 49.7981, 49.3656,
        44.5081, 41.8489], device='cuda:0', grad_fn=<NegBackward>)
135 100.0 tensor([45.7008, 44.2970, 50.5783, 41.1181, 45.5939, 44.6234, 49.8799, 51.1834,
        43.6393, 41.7123], device='cuda:0', grad_fn=<NegBackward>)
136 100.0 tensor([45.5298, 44.4751, 50.5240, 39.8862, 44.7698, 44.5478, 49.5546, 52.1754,
        45.1402, 42.4151], device='cuda:0', grad_fn=<NegBackward>)
137 100.0 tensor([45.4259, 43.5751, 50.7353, 40.9547, 44.8164, 45.0041, 49.9514, 51.7051,
        44.9212, 41.7764], device='cuda:0', grad_fn=<NegBackward>)
138 100.0 tensor([45.1297, 43.9287, 50.8845, 41.4708, 44.7720, 44.2653, 49.4257, 50.1166,
        45.3943, 41.8622], device='cuda:0', grad_fn=<NegBackward>)
139 100.0 tensor([45.1311, 43.8882, 50.6934, 41.0659, 44.9057, 44.4254, 49.4998, 50.3424,
        45.2504, 41.6829], device='cuda:0', grad_fn=<NegBackward>)
140 100.0 tensor([44.9820, 43.5789, 50.9739, 39.4659, 45.5077, 44.4931, 49.5597, 51.6904,
        45.4662, 42.0231], device='cuda:0', grad_fn=<NegBackward>)
141 100.0 tensor([44.9294, 44.0613, 50.7246, 39.4772, 45.4930, 44.3249, 50.1216, 52.0589,
        44.4212, 42.1075], device='cuda:0', grad_fn=<NegBackward>)
142 100.0 tensor([44.9621, 44.2415, 50.5825, 40.4004, 45.4009, 44.3378, 49.6784, 51.2213,
        43.9316, 42.0501], device='cuda:0', grad_fn=<NegBackward>)
143 100.0 tensor([44.5939, 43.1312, 49.9165, 40.9491, 45.4205, 44.1078, 50.2042, 51.4708,
        45.2269, 42.0427], device='cuda:0', grad_fn=<NegBackward>)
144 100.0 tensor([44.9494, 43.9020, 50.4902, 41.0819, 44.8033, 44.4086, 50.4299, 51.3159,
        45.4256, 42.5443], device='cuda:0', grad_fn=<NegBackward>)
145 100.0 tensor([44.9466, 44.5232, 49.9809, 40.5605, 44.6919, 45.1818, 50.3894, 51.3588,
        44.1344, 42.6460], device='cuda:0', grad_fn=<NegBackward>)
146 100.0 tensor([45.1854, 44.0579, 49.8552, 41.7637, 45.2098, 44.9346, 50.6475, 51.4292,
        44.6940, 42.0806], device='cuda:0', grad_fn=<NegBackward>)
147 100.0 tensor([45.0880, 43.9667, 50.2923, 41.4204, 45.8718, 44.5619, 50.4561, 51.2595,
        44.0760, 41.5640], device='cuda:0', grad_fn=<NegBackward>)
148 100.0 tensor([45.5338, 44.2825, 49.7869, 40.7426, 45.8394, 44.9341, 50.2754, 51.0883,
        44.3033, 41.5974], device='cuda:0', grad_fn=<NegBackward>)
149 100.0 tensor([44.9138, 44.2785, 50.5851, 39.3277, 45.7730, 44.1931, 50.5031, 50.8010,
        44.4348, 42.1148], device='cuda:0', grad_fn=<NegBackward>)
150 100.0 tensor([44.5042, 44.5486, 50.8671, 41.5786, 45.5332, 44.5835, 50.5936, 51.4995,
        44.2831, 42.4718], device='cuda:0', grad_fn=<NegBackward>)
151 100.0 tensor([45.1083, 44.3216, 51.1958, 41.9793, 45.3444, 44.7035, 50.4268, 52.2110,
        45.5491, 42.2722], device='cuda:0', grad_fn=<NegBackward>)
152 100.0 tensor([45.0891, 44.8420, 51.2169, 41.0228, 45.4103, 44.1472, 49.8232, 51.4625,
        43.4735, 41.7280], device='cuda:0', grad_fn=<NegBackward>)
153 100.0 tensor([45.0326, 43.4661, 51.0454, 40.5647, 45.3382, 44.8008, 50.2911, 50.0235,
        45.0713, 41.6245], device='cuda:0', grad_fn=<NegBackward>)
154 100.0 tensor([45.5145, 43.9376, 50.6406, 40.8615, 45.5086, 44.8531, 50.3483, 51.5334,
        45.2103, 42.1124], device='cuda:0', grad_fn=<NegBackward>)
155 100.0 tensor([44.9522, 43.6379, 50.6590, 41.5429, 45.0526, 44.3957, 50.5610, 51.2505,
        44.5282, 41.7794], device='cuda:0', grad_fn=<NegBackward>)
156 100.0 tensor([45.7932, 42.7551, 50.1484, 40.6059, 44.8995, 44.7672, 50.3724, 51.2435,
        43.5583, 41.4586], device='cuda:0', grad_fn=<NegBackward>)
157 100.0 tensor([45.8264, 44.0785, 50.1591, 40.1574, 44.9594, 44.7887, 50.9481, 51.2920,
        45.4436, 41.9340], device='cuda:0', grad_fn=<NegBackward>)
158 100.0 tensor([44.8319, 44.4961, 49.4115, 40.9450, 45.1020, 44.7523, 50.9545, 52.4247,
        45.6709, 42.2138], device='cuda:0', grad_fn=<NegBackward>)
159 100.0 tensor([45.0766, 43.8755, 51.1796, 41.2524, 45.1937, 44.6347, 50.3853, 52.4147,
        45.9740, 42.6986], device='cuda:0', grad_fn=<NegBackward>)
160 100.0 tensor([45.5179, 44.6636, 50.8947, 40.9515, 45.0607, 44.8111, 50.2602, 51.5541,
        45.3437, 42.7119], device='cuda:0', grad_fn=<NegBackward>)
161 100.0 tensor([45.2542, 43.7040, 51.2974, 40.0298, 45.4028, 45.1429, 50.4249, 51.5554,
        45.4200, 42.5622], device='cuda:0', grad_fn=<NegBackward>)
162 100.0 tensor([45.6975, 44.3661, 50.9987, 41.7681, 45.2033, 45.4123, 50.7474, 51.7114,
        44.1872, 42.7620], device='cuda:0', grad_fn=<NegBackward>)
163 100.0 tensor([43.6818, 43.9431, 50.9876, 41.9750, 45.8709, 45.3003, 50.4550, 52.4374,
        45.0968, 42.6130], device='cuda:0', grad_fn=<NegBackward>)
164 100.0 tensor([45.4022, 44.2428, 51.0568, 41.9036, 44.9592, 45.1635, 50.2716, 52.4127,
        45.6583, 42.0674], device='cuda:0', grad_fn=<NegBackward>)
165 100.0 tensor([45.2028, 44.5210, 51.2308, 41.8291, 44.8143, 45.1009, 50.7642, 52.4581,
        45.9391, 42.3568], device='cuda:0', grad_fn=<NegBackward>)
166 100.0 tensor([45.1331, 43.9904, 51.2635, 41.6211, 45.1008, 45.3141, 49.9495, 52.3670,
        45.6665, 41.6349], device='cuda:0', grad_fn=<NegBackward>)
167 100.0 tensor([43.3628, 44.2497, 51.5323, 41.3448, 45.7714, 44.8199, 49.7217, 52.3860,
        45.2925, 42.4120], device='cuda:0', grad_fn=<NegBackward>)
168 100.0 tensor([45.6983, 44.5309, 51.1054, 41.2503, 45.9779, 43.9905, 50.0518, 51.8394,
        45.4186, 42.5580], device='cuda:0', grad_fn=<NegBackward>)
169 100.0 tensor([45.6781, 43.6488, 51.2489, 41.9908, 45.8424, 44.5330, 50.3115, 51.0210,
        44.3520, 42.7403], device='cuda:0', grad_fn=<NegBackward>)
170 100.0 tensor([45.8810, 44.5010, 51.0159, 41.8661, 45.9630, 45.0223, 50.7284, 51.9312,
        45.7237, 42.7766], device='cuda:0', grad_fn=<NegBackward>)
171 100.0 tensor([45.1885, 45.0269, 50.4830, 40.6269, 45.9328, 45.2722, 50.5199, 52.6478,
        44.3253, 42.7418], device='cuda:0', grad_fn=<NegBackward>)
172 100.0 tensor([45.2003, 44.4330, 50.0302, 41.3338, 45.6867, 45.3464, 50.1389, 52.7868,
        45.3725, 42.6367], device='cuda:0', grad_fn=<NegBackward>)
173 100.0 tensor([46.0603, 44.4508, 50.6692, 41.1462, 45.4977, 45.3324, 50.2287, 52.7280,
        44.2519, 43.1332], device='cuda:0', grad_fn=<NegBackward>)
174 100.0 tensor([45.8552, 44.6412, 50.6813, 41.2361, 45.4689, 44.8852, 49.4210, 52.4828,
        45.5481, 42.6244], device='cuda:0', grad_fn=<NegBackward>)
175 100.0 tensor([46.0830, 44.6706, 51.2228, 41.9236, 45.6593, 44.8306, 50.4153, 52.1759,
        44.6635, 42.6898], device='cuda:0', grad_fn=<NegBackward>)
176 100.0 tensor([45.1089, 44.7885, 51.5225, 41.4403, 46.1163, 43.5788, 50.6765, 52.4390,
        45.3856, 42.0117], device='cuda:0', grad_fn=<NegBackward>)
177 100.0 tensor([46.3461, 44.8602, 50.9740, 40.9471, 46.1427, 45.4328, 51.0691, 51.6249,
        44.9030, 42.2990], device='cuda:0', grad_fn=<NegBackward>)
178 100.0 tensor([46.0754, 44.1648, 51.4743, 39.8216, 46.4657, 45.2769, 50.8090, 52.8214,
        45.1799, 42.2509], device='cuda:0', grad_fn=<NegBackward>)
179 100.0 tensor([46.0788, 44.6764, 51.3844, 42.0118, 46.4381, 45.0333, 51.0136, 52.9243,
        44.5625, 42.5014], device='cuda:0', grad_fn=<NegBackward>)
180 100.0 tensor([45.7311, 44.7770, 51.1182, 42.6142, 46.3393, 45.5352, 50.6247, 52.5562,
        45.5753, 42.1202], device='cuda:0', grad_fn=<NegBackward>)
181 100.0 tensor([46.1298, 44.6242, 51.3450, 42.6059, 45.5758, 44.7634, 49.9796, 50.6584,
        44.9437, 42.6195], device='cuda:0', grad_fn=<NegBackward>)
182 100.0 tensor([45.6730, 44.9237, 51.1407, 41.9896, 45.4179, 44.6304, 50.0191, 51.9558,
        45.5122, 42.9196], device='cuda:0', grad_fn=<NegBackward>)
183 100.0 tensor([45.5246, 44.9677, 50.6919, 40.8129, 44.1062, 44.8471, 49.7986, 52.5459,
        45.7446, 43.0878], device='cuda:0', grad_fn=<NegBackward>)
184 100.0 tensor([46.2322, 44.9999, 51.6274, 41.0932, 45.7120, 45.5021, 50.4157, 52.5958,
        45.3106, 42.4248], device='cuda:0', grad_fn=<NegBackward>)
185 100.0 tensor([46.0422, 44.9621, 51.7937, 40.1094, 46.4130, 45.3524, 50.7311, 52.3587,
        45.1541, 43.0731], device='cuda:0', grad_fn=<NegBackward>)
186 100.0 tensor([46.4778, 44.5827, 51.6418, 41.3619, 46.2328, 45.4649, 50.9472, 52.4815,
        45.5134, 42.7231], device='cuda:0', grad_fn=<NegBackward>)
187 100.0 tensor([45.6229, 44.5960, 51.4791, 41.9649, 46.2001, 45.2164, 50.8933, 52.4254,
        45.3113, 43.2331], device='cuda:0', grad_fn=<NegBackward>)
188 100.0 tensor([45.5934, 45.2284, 51.7625, 42.1227, 45.6113, 45.5690, 51.2840, 52.7495,
        45.2216, 43.0266], device='cuda:0', grad_fn=<NegBackward>)
189 100.0 tensor([44.2912, 44.8542, 51.7335, 41.8448, 46.1531, 45.2990, 51.0072, 51.7713,
        44.3997, 43.1692], device='cuda:0', grad_fn=<NegBackward>)
190 100.0 tensor([44.0394, 45.3091, 51.7716, 40.4228, 46.1942, 45.4712, 50.9497, 52.1602,
        45.4862, 42.8092], device='cuda:0', grad_fn=<NegBackward>)
191 100.0 tensor([42.3293, 44.9488, 51.8296, 41.5694, 46.1005, 45.2212, 50.8740, 52.2239,
        45.2461, 42.7602], device='cuda:0', grad_fn=<NegBackward>)
192 100.0 tensor([44.8676, 45.5909, 51.4118, 42.1155, 45.6596, 45.0533, 51.1767, 52.2355,
        45.4916, 42.8595], device='cuda:0', grad_fn=<NegBackward>)
193 100.0 tensor([46.3993, 45.2492, 51.6031, 41.8479, 45.9715, 45.1586, 50.9419, 52.1397,
        42.7588, 42.5129], device='cuda:0', grad_fn=<NegBackward>)
194 100.0 tensor([46.8096, 44.6905, 51.1176, 41.4412, 46.2765, 45.5483, 50.7919, 51.9668,
        45.9048, 41.9813], device='cuda:0', grad_fn=<NegBackward>)
195 100.0 tensor([46.6348, 44.3727, 50.4724, 41.2441, 45.8594, 45.4098, 50.5041, 52.7179,
        45.4504, 43.0167], device='cuda:0', grad_fn=<NegBackward>)
196 100.0 tensor([46.3317, 44.9357, 50.5919, 41.5497, 45.4826, 45.3718, 50.9810, 53.3574,
        45.5542, 42.5767], device='cuda:0', grad_fn=<NegBackward>)
197 100.0 tensor([46.6692, 44.6273, 50.2291, 41.6451, 45.2362, 45.2587, 50.8054, 52.8829,
        45.8351, 42.6977], device='cuda:0', grad_fn=<NegBackward>)
198 100.0 tensor([45.6046, 44.8587, 50.1036, 41.2067, 45.8298, 45.4619, 50.8905, 52.3914,
        45.8059, 42.2877], device='cuda:0', grad_fn=<NegBackward>)
199 100.0 tensor([46.0408, 44.9739, 50.9013, 41.2032, 45.8264, 45.1991, 51.0280, 52.6207,
        45.1153, 42.6201], device='cuda:0', grad_fn=<NegBackward>)
Application 77673347 resources: utime ~32s, stime ~25s, Rss ~1526548, inblocks ~488045, outblocks ~3161
